2025-01-19 11:02:12 INFO  Utils:112 - [TestNG] Running:
  C:\Users\Sachin.Kadlag\IdeaProjects\iQube\TVS iQube Automation\master.xml

2025-01-19 11:04:21 INFO  Utils:112 - [TestNG] Running:
  C:\Users\Sachin.Kadlag\IdeaProjects\iQube\TVS iQube Automation\master.xml

2025-01-19 11:04:54 INFO  TC_002_Book_Now:21 - selecting variant and colour
2025-01-19 11:04:56 INFO  TC_002_Book_Now:24 - click on next CTA 
2025-01-19 11:05:23 INFO  TC_001_Clickonlogin:15 -  clicking BOok Now on home page 
2025-01-19 11:06:46 INFO  Utils:112 - [TestNG] Running:
  C:\Users\Sachin.Kadlag\IdeaProjects\iQube\TVS iQube Automation\master.xml

2025-01-19 11:07:14 INFO  TC_002_Book_Now:21 - selecting variant and colour
2025-01-19 11:07:17 INFO  TC_002_Book_Now:24 - click on next CTA 
2025-01-19 11:07:46 INFO  TC_001_Clickonlogin:15 -  clicking BOok Now on home page 
2025-01-19 11:10:24 INFO  Utils:112 - [TestNG] Running:
  C:\Users\Sachin.Kadlag\IdeaProjects\iQube\TVS iQube Automation\crossbrowsertests.xml

2025-01-19 11:10:44 INFO  TC_001_Clickonlogin:15 -  clicking BOok Now on home page 
2025-01-19 11:10:54 INFO  TC_001_Clickonlogin:15 -  clicking BOok Now on home page 
2025-01-19 11:11:28 INFO  TC_002_Book_Now:21 - selecting variant and colour
2025-01-19 11:11:31 INFO  TC_002_Book_Now:24 - click on next CTA 
2025-01-19 11:39:31 INFO  Utils:112 - [TestNG] Running:
  C:\Users\Sachin.Kadlag\IdeaProjects\iQube\TVS iQube Automation\crossbrowsertests.xml

2025-01-19 11:39:53 INFO  TC_001_Clickonlogin:15 -  clicking BOok Now on home page 
2025-01-19 11:39:58 INFO  TC_001_Clickonlogin:15 -  clicking BOok Now on home page 
2025-01-19 11:40:33 INFO  TC_002_Book_Now:21 - selecting variant and colour
2025-01-19 11:40:35 INFO  TC_002_Book_Now:24 - click on next CTA 
